[2025-08-23 00:57:20] SHGM Pilot Exam System.development.error.ERROR: Call to undefined method TN_AuthMiddleware::requireCsrf() {"status":500,"file":"C:\\xampp\\htdocs\\shgm-exam-system\\index.php","line":138,"url":"/shgm-exam-system/login","method":"POST"}
[2025-08-23 14:51:20] SHGM Pilot Exam System.development.error.ERROR: Call to undefined method TN_AuthMiddleware::requireGuest() {"status":500,"file":"C:\\xampp\\htdocs\\shgm-exam-system\\index.php","line":144,"url":"/shgm-exam-system/login","method":"GET"}
[2025-08-23 14:51:20] SHGM Pilot Exam System.development.error.ERROR: Constant SYSTEM_START_TIME already defined {"status":500,"file":"C:\\xampp\\htdocs\\shgm-exam-system\\index.php","line":252,"url":"/shgm-exam-system/login","method":"GET"}
[2025-08-23 14:51:20] SHGM Pilot Exam System.development.error.ERROR: Constant SYSTEM_START_MEMORY already defined {"status":500,"file":"C:\\xampp\\htdocs\\shgm-exam-system\\index.php","line":253,"url":"/shgm-exam-system/login","method":"GET"}
[2025-08-23 14:51:20] SHGM Pilot Exam System.development.error.ERROR: ini_set(): Session ini settings cannot be changed when a session is active {"status":500,"file":"C:\\xampp\\htdocs\\shgm-exam-system\\index.php","line":330,"url":"/shgm-exam-system/login","method":"GET"}
[2025-08-23 14:51:20] SHGM Pilot Exam System.development.error.ERROR: ini_set(): Session ini settings cannot be changed when a session is active {"status":500,"file":"C:\\xampp\\htdocs\\shgm-exam-system\\index.php","line":331,"url":"/shgm-exam-system/login","method":"GET"}
[2025-08-23 14:51:20] SHGM Pilot Exam System.development.error.ERROR: ini_set(): Session ini settings cannot be changed when a session is active {"status":500,"file":"C:\\xampp\\htdocs\\shgm-exam-system\\index.php","line":332,"url":"/shgm-exam-system/login","method":"GET"}
[2025-08-23 14:53:06] SHGM Pilot Exam System.development.error.ERROR: Call to undefined method TN_AuthMiddleware::requireGuest() {"status":500,"file":"C:\\xampp\\htdocs\\shgm-exam-system\\index.php","line":144,"url":"/shgm-exam-system/login","method":"POST"}
[2025-08-23 14:53:06] SHGM Pilot Exam System.development.error.ERROR: Constant SYSTEM_START_TIME already defined {"status":500,"file":"C:\\xampp\\htdocs\\shgm-exam-system\\index.php","line":252,"url":"/shgm-exam-system/login","method":"POST"}
[2025-08-23 14:53:06] SHGM Pilot Exam System.development.error.ERROR: Constant SYSTEM_START_MEMORY already defined {"status":500,"file":"C:\\xampp\\htdocs\\shgm-exam-system\\index.php","line":253,"url":"/shgm-exam-system/login","method":"POST"}
[2025-08-23 14:53:06] SHGM Pilot Exam System.development.error.ERROR: ini_set(): Session ini settings cannot be changed when a session is active {"status":500,"file":"C:\\xampp\\htdocs\\shgm-exam-system\\index.php","line":330,"url":"/shgm-exam-system/login","method":"POST"}
[2025-08-23 14:53:06] SHGM Pilot Exam System.development.error.ERROR: ini_set(): Session ini settings cannot be changed when a session is active {"status":500,"file":"C:\\xampp\\htdocs\\shgm-exam-system\\index.php","line":331,"url":"/shgm-exam-system/login","method":"POST"}
[2025-08-23 14:53:06] SHGM Pilot Exam System.development.error.ERROR: ini_set(): Session ini settings cannot be changed when a session is active {"status":500,"file":"C:\\xampp\\htdocs\\shgm-exam-system\\index.php","line":332,"url":"/shgm-exam-system/login","method":"POST"}
[2025-08-23 14:53:06] SHGM Pilot Exam System.development.error.ERROR: Call to undefined method TN_AuthMiddleware::requireCsrf() {"status":500,"file":"C:\\xampp\\htdocs\\shgm-exam-system\\index.php","line":373,"url":"/shgm-exam-system/login","method":"POST"}
[2025-08-23 15:34:28] SHGM Pilot Exam System.development.error.ERROR: Call to undefined method TN_AuthMiddleware::requireGuest() {"status":500,"file":"C:\\xampp\\htdocs\\shgm-exam-system\\index.php","line":144,"url":"/shgm-exam-system/login","method":"GET"}
[2025-08-23 15:34:28] SHGM Pilot Exam System.development.error.ERROR: Constant SYSTEM_START_TIME already defined {"status":500,"file":"C:\\xampp\\htdocs\\shgm-exam-system\\index.php","line":252,"url":"/shgm-exam-system/login","method":"GET"}
[2025-08-23 15:34:28] SHGM Pilot Exam System.development.error.ERROR: Constant SYSTEM_START_MEMORY already defined {"status":500,"file":"C:\\xampp\\htdocs\\shgm-exam-system\\index.php","line":253,"url":"/shgm-exam-system/login","method":"GET"}
[2025-08-23 15:34:28] SHGM Pilot Exam System.development.error.ERROR: ini_set(): Session ini settings cannot be changed when a session is active {"status":500,"file":"C:\\xampp\\htdocs\\shgm-exam-system\\index.php","line":330,"url":"/shgm-exam-system/login","method":"GET"}
[2025-08-23 15:34:28] SHGM Pilot Exam System.development.error.ERROR: ini_set(): Session ini settings cannot be changed when a session is active {"status":500,"file":"C:\\xampp\\htdocs\\shgm-exam-system\\index.php","line":331,"url":"/shgm-exam-system/login","method":"GET"}
[2025-08-23 15:34:28] SHGM Pilot Exam System.development.error.ERROR: ini_set(): Session ini settings cannot be changed when a session is active {"status":500,"file":"C:\\xampp\\htdocs\\shgm-exam-system\\index.php","line":332,"url":"/shgm-exam-system/login","method":"GET"}
